<?xml version="1.0" encoding="UTF-8"?>
<!-- Generated by org.testng.reporters.JUnitXMLReporter -->
<testsuite ignored="0" hostname="SaiRam" failures="0" tests="3" name="Submit Order Test" time="57.649" errors="0" timestamp="2025-06-05T11:59:14 IST">
  <testcase classname="SeliniumMaven.Tests.SubmitOrderTest" name="placeOrderTest" time="25.789"/>
  <testcase classname="SeliniumMaven.Tests.SubmitOrderTest" name="placeOrderTest" time="24.7"/>
  <testcase classname="SeliniumMaven.Tests.SubmitOrderTest" name="CheckOrdersList" time="0.825"/>
</testsuite> <!-- Submit Order Test -->
