<?xml version="1.0" encoding="UTF-8"?>
<!-- Generated by org.testng.reporters.JUnitXMLReporter -->
<testsuite ignored="0" hostname="SaiRam" failures="0" tests="3" name="Submit Order Test" time="59.913" errors="0" timestamp="2025-06-07T16:02:10 IST">
  <testcase classname="SeliniumMaven.Tests.SubmitOrderTest" name="placeOrderTest" time="24.585"/>
  <testcase classname="SeliniumMaven.Tests.SubmitOrderTest" name="placeOrderTest" time="24.441"/>
  <testcase classname="SeliniumMaven.Tests.SubmitOrderTest" name="CheckOrdersList" time="0.712"/>
</testsuite> <!-- Submit Order Test -->
