<?xml version="1.0" encoding="UTF-8"?>
<!-- Generated by org.testng.reporters.JUnitXMLReporter -->
<testsuite ignored="0" hostname="SaiRam" failures="1" tests="2" name="Test" time="7.579" errors="0" timestamp="2025-06-07T15:11:58 IST">
  <testcase classname="SeliniumMaven.Tests.ErrorValidationsTest" name="loginErrorValidation" time="0.667">
    <skipped/>
  </testcase> <!-- loginErrorValidation -->
  <testcase classname="SeliniumMaven.Tests.ErrorValidationsTest" name="loginErrorValidation" time="0.587">
    <failure type="java.lang.AssertionError" message="expected [AUTOMATION
Automation Practice
QA Meetup with Rahul Shetty @Pune - Limited Seats! Book Now!
HOME            ORDERS  Cart Sign Out
Home | Search
Filters
Price Range
Categories
fashion
electronics
household
Sub Categories
t-shirts
shirts
shoes
mobiles
laptops
Search For
men
women
Showing 3 results   |
User can only see maximum 9 products on a page
ZARA COAT 3
$ 31500
View
Add To Cart
ADIDAS ORIGINAL
$ 31500
View
Add To Cart
IPHONE 13 PRO
$ 231500
View
Add To Cart
Previous
page
You&amp;apos;re on page
1 Next
page
Design and Developed By - Kunal Sharma] but found [Incorrect email or password.]">
      <![CDATA[java.lang.AssertionError: expected [AUTOMATION
Automation Practice
QA Meetup with Rahul Shetty @Pune - Limited Seats! Book Now!
HOME            ORDERS  Cart Sign Out
Home | Search
Filters
Price Range
Categories
fashion
electronics
household
Sub Categories
t-shirts
shirts
shoes
mobiles
laptops
Search For
men
women
Showing 3 results   |
User can only see maximum 9 products on a page
ZARA COAT 3
$ 31500
View
Add To Cart
ADIDAS ORIGINAL
$ 31500
View
Add To Cart
IPHONE 13 PRO
$ 231500
View
Add To Cart
Previous
page
You're on page
1 Next
page
Design and Developed By - Kunal Sharma] but found [Incorrect email or password.]
at SeliniumMaven.Tests.ErrorValidationsTest.loginErrorValidation(ErrorValidationsTest.java:19)
at java.base/java.util.ArrayList.forEach(ArrayList.java:1596)
... Removed 35 stack frames]]>
    </failure>
  </testcase> <!-- loginErrorValidation -->
</testsuite> <!-- Test -->
